<?xml version="1.0" encoding="UTF-8"?>
<!-- Generated by org.testng.reporters.JUnitReportReporter -->
<testsuite hostname="Shreyonika" failures="0" tests="1" name="com.base.Base_Class" time="8.403" errors="0" timestamp="2024-04-17T14:38:53 IST" skipped="0">
  <testcase classname="com.base.Base_Class" name="configureAppium" time="8.403"/>
  <system-out/>
</testsuite> <!-- com.base.Base_Class -->
